<?xml version="1.0" encoding="UTF-8"?>
<testng-results ignored="0" total="1" passed="0" failed="0" skipped="1">
  <reporter-output>
  </reporter-output>
  <suite started-at="2024-02-07T21:35:16 IST" name="Default suite" finished-at="2024-02-07T21:35:16 IST" duration-ms="95">
    <groups>
    </groups>
    <test started-at="2024-02-07T21:35:16 IST" name="Default test" finished-at="2024-02-07T21:35:16 IST" duration-ms="95">
      <class name="advanceSeleniumTestng.TC_DW_002">
        <test-method is-config="true" signature="toLaunch(java.lang.String)[pri:0, instance:advanceSeleniumTestng.TC_DW_002@40ef3420]" started-at="2024-02-07T21:35:16 IST" name="toLaunch" finished-at="1970-01-01T05:30:00 IST" duration-ms="-1707321916225" status="FAIL">
          <exception class="org.testng.TestNGException">
            <message>
              <![CDATA[
Parameter 'browserName' is required by BeforeClass on method toLaunch but has not been marked @Optional or defined
in C:\Users\SAP\AppData\Local\Temp\testng-eclipse-980615650\testng-customsuite.xml]]>
            </message>
            <full-stacktrace>
              <![CDATA[org.testng.TestNGException: 
Parameter 'browserName' is required by BeforeClass on method toLaunch but has not been marked @Optional or defined
in C:\Users\SAP\AppData\Local\Temp\testng-eclipse-980615650\testng-customsuite.xml
at org.testng.internal.Parameters.createParams(Parameters.java:270)
at org.testng.internal.Parameters.createParametersForMethod(Parameters.java:358)
at org.testng.internal.Parameters.createParameters(Parameters.java:700)
at org.testng.internal.Parameters.createConfigurationParameters(Parameters.java:168)
at org.testng.internal.ConfigInvoker.invokeConfigurations(ConfigInvoker.java:302)
at org.testng.internal.TestMethodWorker.invokeBeforeClassMethods(TestMethodWorker.java:176)
at org.testng.internal.TestMethodWorker.run(TestMethodWorker.java:122)
at java.base/java.util.ArrayList.forEach(ArrayList.java:1511)
at org.testng.TestRunner.privateRun(TestRunner.java:794)
at org.testng.TestRunner.run(TestRunner.java:596)
at org.testng.SuiteRunner.runTest(SuiteRunner.java:377)
at org.testng.SuiteRunner.runSequentially(SuiteRunner.java:371)
at org.testng.SuiteRunner.privateRun(SuiteRunner.java:332)
at org.testng.SuiteRunner.run(SuiteRunner.java:276)
at org.testng.SuiteRunnerWorker.runSuite(SuiteRunnerWorker.java:53)
at org.testng.SuiteRunnerWorker.run(SuiteRunnerWorker.java:96)
at org.testng.TestNG.runSuitesSequentially(TestNG.java:1212)
at org.testng.TestNG.runSuitesLocally(TestNG.java:1134)
at org.testng.TestNG.runSuites(TestNG.java:1063)
at org.testng.TestNG.run(TestNG.java:1031)
at org.testng.remote.AbstractRemoteTestNG.run(AbstractRemoteTestNG.java:115)
at org.testng.remote.RemoteTestNG.initAndRun(RemoteTestNG.java:251)
at org.testng.remote.RemoteTestNG.main(RemoteTestNG.java:77)
]]>
            </full-stacktrace>
          </exception> <!-- org.testng.TestNGException -->
          <reporter-output>
          </reporter-output>
        </test-method> <!-- toLaunch -->
        <test-method is-config="true" signature="toLogin()[pri:0, instance:advanceSeleniumTestng.TC_DW_002@40ef3420]" started-at="2024-02-07T21:35:16 IST" name="toLogin" finished-at="1970-01-01T05:30:00 IST" duration-ms="-1707321916265" status="SKIP">
          <reporter-output>
          </reporter-output>
        </test-method> <!-- toLogin -->
        <test-method signature="toCheckComputerPage()[pri:0, instance:advanceSeleniumTestng.TC_DW_002@40ef3420]" started-at="2024-02-07T21:35:16 IST" name="toCheckComputerPage" finished-at="2024-02-07T21:35:16 IST" duration-ms="1" status="SKIP">
          <exception class="org.testng.TestNGException">
            <message>
              <![CDATA[
Parameter 'browserName' is required by BeforeClass on method toLaunch but has not been marked @Optional or defined
in C:\Users\SAP\AppData\Local\Temp\testng-eclipse-980615650\testng-customsuite.xml]]>
            </message>
            <full-stacktrace>
              <![CDATA[org.testng.TestNGException: 
Parameter 'browserName' is required by BeforeClass on method toLaunch but has not been marked @Optional or defined
in C:\Users\SAP\AppData\Local\Temp\testng-eclipse-980615650\testng-customsuite.xml
at org.testng.internal.Parameters.createParams(Parameters.java:270)
at org.testng.internal.Parameters.createParametersForMethod(Parameters.java:358)
at org.testng.internal.Parameters.createParameters(Parameters.java:700)
at org.testng.internal.Parameters.createConfigurationParameters(Parameters.java:168)
at org.testng.internal.ConfigInvoker.invokeConfigurations(ConfigInvoker.java:302)
at org.testng.internal.TestMethodWorker.invokeBeforeClassMethods(TestMethodWorker.java:176)
at org.testng.internal.TestMethodWorker.run(TestMethodWorker.java:122)
at java.base/java.util.ArrayList.forEach(ArrayList.java:1511)
at org.testng.TestRunner.privateRun(TestRunner.java:794)
at org.testng.TestRunner.run(TestRunner.java:596)
at org.testng.SuiteRunner.runTest(SuiteRunner.java:377)
at org.testng.SuiteRunner.runSequentially(SuiteRunner.java:371)
at org.testng.SuiteRunner.privateRun(SuiteRunner.java:332)
at org.testng.SuiteRunner.run(SuiteRunner.java:276)
at org.testng.SuiteRunnerWorker.runSuite(SuiteRunnerWorker.java:53)
at org.testng.SuiteRunnerWorker.run(SuiteRunnerWorker.java:96)
at org.testng.TestNG.runSuitesSequentially(TestNG.java:1212)
at org.testng.TestNG.runSuitesLocally(TestNG.java:1134)
at org.testng.TestNG.runSuites(TestNG.java:1063)
at org.testng.TestNG.run(TestNG.java:1031)
at org.testng.remote.AbstractRemoteTestNG.run(AbstractRemoteTestNG.java:115)
at org.testng.remote.RemoteTestNG.initAndRun(RemoteTestNG.java:251)
at org.testng.remote.RemoteTestNG.main(RemoteTestNG.java:77)
]]>
            </full-stacktrace>
          </exception> <!-- org.testng.TestNGException -->
          <reporter-output>
          </reporter-output>
        </test-method> <!-- toCheckComputerPage -->
        <test-method is-config="true" signature="toLogout()[pri:0, instance:advanceSeleniumTestng.TC_DW_002@40ef3420]" started-at="2024-02-07T21:35:16 IST" name="toLogout" finished-at="1970-01-01T05:30:00 IST" duration-ms="-1707321916282" status="SKIP">
          <reporter-output>
          </reporter-output>
        </test-method> <!-- toLogout -->
        <test-method is-config="true" signature="toCloseBrowser()[pri:0, instance:advanceSeleniumTestng.TC_DW_002@40ef3420]" started-at="2024-02-07T21:35:16 IST" name="toCloseBrowser" finished-at="1970-01-01T05:30:00 IST" duration-ms="-1707321916286" status="SKIP">
          <reporter-output>
          </reporter-output>
        </test-method> <!-- toCloseBrowser -->
      </class> <!-- advanceSeleniumTestng.TC_DW_002 -->
    </test> <!-- Default test -->
  </suite> <!-- Default suite -->
</testng-results>
